<?xml version="1.0" encoding="UTF-8"?>
<testng-results ignored="1" total="2" passed="1" failed="0" skipped="0">
  <reporter-output>
  </reporter-output>
  <suite started-at="2022-02-27T12:37:51 IST" name="Default suite" finished-at="2022-02-27T12:37:55 IST" duration-ms="3911">
    <groups>
    </groups>
    <test started-at="2022-02-27T12:37:51 IST" name="Default test" finished-at="2022-02-27T12:37:55 IST" duration-ms="3911">
      <class name="testcases.BasicTestcase">
        <test-method is-config="true" signature="beforeSuite(org.testng.ITestContext)[pri:0, instance:testcases.BasicTestcase@3bb9a3ff]" started-at="2022-02-27T12:37:50 IST" name="beforeSuite" finished-at="2022-02-27T12:37:51 IST" duration-ms="193" status="PASS">
          <params>
            <param index="0">
              <value>
                <![CDATA[org.testng.TestRunner@4001d8c1]]>
              </value>
            </param>
          </params>
          <reporter-output>
          </reporter-output>
        </test-method> <!-- beforeSuite -->
        <test-method is-config="true" signature="beforeTest(org.testng.ITestContext)[pri:0, instance:testcases.BasicTestcase@3bb9a3ff]" started-at="2022-02-27T12:37:51 IST" name="beforeTest" finished-at="2022-02-27T12:37:51 IST" duration-ms="6" status="PASS">
          <params>
            <param index="0">
              <value>
                <![CDATA[org.testng.TestRunner@4001d8c1]]>
              </value>
            </param>
          </params>
          <reporter-output>
          </reporter-output>
        </test-method> <!-- beforeTest -->
        <test-method is-config="true" signature="beforeClass(org.testng.ITestContext)[pri:0, instance:testcases.BasicTestcase@3bb9a3ff]" started-at="2022-02-27T12:37:51 IST" name="beforeClass" finished-at="2022-02-27T12:37:51 IST" duration-ms="2" status="PASS">
          <params>
            <param index="0">
              <value>
                <![CDATA[org.testng.TestRunner@4001d8c1]]>
              </value>
            </param>
          </params>
          <reporter-output>
          </reporter-output>
        </test-method> <!-- beforeClass -->
        <test-method is-config="true" signature="beforeMethod(java.lang.reflect.Method,org.testng.ITestContext)[pri:0, instance:testcases.BasicTestcase@3bb9a3ff]" started-at="2022-02-27T12:37:51 IST" name="beforeMethod" finished-at="2022-02-27T12:37:51 IST" duration-ms="5" status="PASS">
          <params>
            <param index="0">
              <value>
                <![CDATA[public void testcases.BasicTestcase.testcase2(java.lang.String,java.lang.String) throws java.io.IOException]]>
              </value>
            </param>
            <param index="1">
              <value>
                <![CDATA[org.testng.TestRunner@4001d8c1]]>
              </value>
            </param>
          </params>
          <reporter-output>
          </reporter-output>
        </test-method> <!-- beforeMethod -->
        <test-method signature="testcase2(java.lang.String,java.lang.String)[pri:0, instance:testcases.BasicTestcase@3bb9a3ff]" started-at="2022-02-27T12:37:51 IST" name="testcase2" description="demo with post function with reqres" data-provider="BasicTestcaseforpost" finished-at="2022-02-27T12:37:55 IST" duration-ms="3852" status="PASS">
          <params>
            <param index="0">
              <value>
                <![CDATA[201]]>
              </value>
            </param>
            <param index="1">
              <value>
                <![CDATA[leader]]>
              </value>
            </param>
          </params>
          <reporter-output>
          </reporter-output>
        </test-method> <!-- testcase2 -->
        <test-method is-config="true" signature="afterMethod(org.testng.ITestResult)[pri:0, instance:testcases.BasicTestcase@3bb9a3ff]" started-at="2022-02-27T12:37:55 IST" name="afterMethod" finished-at="2022-02-27T12:37:55 IST" duration-ms="1" status="PASS">
          <params>
            <param index="0">
              <value>
                <![CDATA[[TestResult name=testcase2 status=SUCCESS method=BasicTestcase.testcase2(java.lang.String,java.lang.String)[pri:0, instance:testcases.BasicTestcase@3bb9a3ff] output={null}]]]>
              </value>
            </param>
          </params>
          <reporter-output>
          </reporter-output>
        </test-method> <!-- afterMethod -->
        <test-method is-config="true" signature="afterClass()[pri:0, instance:testcases.BasicTestcase@3bb9a3ff]" started-at="2022-02-27T12:37:55 IST" name="afterClass" finished-at="2022-02-27T12:37:55 IST" duration-ms="0" status="PASS">
          <reporter-output>
          </reporter-output>
        </test-method> <!-- afterClass -->
        <test-method is-config="true" signature="aftertest()[pri:0, instance:testcases.BasicTestcase@3bb9a3ff]" started-at="2022-02-27T12:37:55 IST" name="aftertest" finished-at="2022-02-27T12:37:55 IST" duration-ms="0" status="PASS">
          <reporter-output>
          </reporter-output>
        </test-method> <!-- aftertest -->
        <test-method is-config="true" signature="afterSuite()[pri:0, instance:testcases.BasicTestcase@3bb9a3ff]" started-at="2022-02-27T12:37:55 IST" name="afterSuite" finished-at="2022-02-27T12:37:55 IST" duration-ms="315" status="PASS">
          <reporter-output>
          </reporter-output>
        </test-method> <!-- afterSuite -->
      </class> <!-- testcases.BasicTestcase -->
    </test> <!-- Default test -->
  </suite> <!-- Default suite -->
</testng-results>
